2016-06-27 21:00:15 [scrapy] INFO: Scrapy 1.1.0 started (bot: indeed)
2016-06-27 21:00:15 [scrapy] INFO: Overridden settings: {'ROBOTSTXT_OBEY': True, 'NEWSPIDER_MODULE': 'indeed.spiders', 'BOT_NAME': 'indeed', 'SPIDER_MODULES': ['indeed.spiders'], 'LOG_FILE': 'mylog.log'}
2016-06-27 21:00:15 [scrapy] INFO: Enabled extensions:
['scrapy.extensions.logstats.LogStats', 'scrapy.extensions.corestats.CoreStats']
2016-06-27 21:00:15 [scrapy] INFO: Enabled downloader middlewares:
['scrapy.downloadermiddlewares.robotstxt.RobotsTxtMiddleware',
 'scrapy.downloadermiddlewares.httpauth.HttpAuthMiddleware',
 'scrapy.downloadermiddlewares.downloadtimeout.DownloadTimeoutMiddleware',
 'scrapy.downloadermiddlewares.useragent.UserAgentMiddleware',
 'scrapy.downloadermiddlewares.retry.RetryMiddleware',
 'scrapy.downloadermiddlewares.defaultheaders.DefaultHeadersMiddleware',
 'scrapy.downloadermiddlewares.redirect.MetaRefreshMiddleware',
 'scrapy.downloadermiddlewares.httpcompression.HttpCompressionMiddleware',
 'scrapy.downloadermiddlewares.redirect.RedirectMiddleware',
 'scrapy.downloadermiddlewares.cookies.CookiesMiddleware',
 'scrapy.downloadermiddlewares.chunked.ChunkedTransferMiddleware',
 'scrapy.downloadermiddlewares.stats.DownloaderStats']
2016-06-27 21:00:15 [scrapy] INFO: Enabled spider middlewares:
['scrapy.spidermiddlewares.httperror.HttpErrorMiddleware',
 'scrapy.spidermiddlewares.offsite.OffsiteMiddleware',
 'scrapy.spidermiddlewares.referer.RefererMiddleware',
 'scrapy.spidermiddlewares.urllength.UrlLengthMiddleware',
 'scrapy.spidermiddlewares.depth.DepthMiddleware']
2016-06-27 21:00:15 [scrapy] INFO: Enabled item pipelines:
[]
2016-06-27 21:00:15 [scrapy] INFO: Spider opened
2016-06-27 21:00:15 [scrapy] INFO: Crawled 0 pages (at 0 pages/min), scraped 0 items (at 0 items/min)
2016-06-27 21:00:15 [scrapy] DEBUG: Crawled (200) <GET http://www.indeed.com/robots.txt> (referer: None)
2016-06-27 21:00:15 [scrapy] DEBUG: Redirecting (301) to <GET http://www.indeed.com/jobs?l=19103&radius=50> from <GET http://www.indeed.com/jobs?q=&l=19103&radius=50>
2016-06-27 21:00:15 [scrapy] DEBUG: Crawled (200) <GET http://www.indeed.com/jobs?l=19103&radius=50> (referer: None)
2016-06-27 21:00:15 [scrapy] ERROR: Spider error processing <GET http://www.indeed.com/jobs?l=19103&radius=50> (referer: None)
Traceback (most recent call last):
  File "/Users/MatthewBarnette/scrapy_indeed/.direnv/python-3.5.0/lib/python3.5/site-packages/parsel/selector.py", line 179, in xpath
    smart_strings=self._lxml_smart_strings)
  File "src/lxml/lxml.etree.pyx", line 1587, in lxml.etree._Element.xpath (src/lxml/lxml.etree.c:57884)
  File "src/lxml/xpath.pxi", line 307, in lxml.etree.XPathElementEvaluator.__call__ (src/lxml/lxml.etree.c:166905)
  File "src/lxml/xpath.pxi", line 227, in lxml.etree._XPathEvaluatorBase._handle_result (src/lxml/lxml.etree.c:165864)
lxml.etree.XPathEvalError: Invalid expression

During handling of the above exception, another exception occurred:

Traceback (most recent call last):
  File "/Users/MatthewBarnette/scrapy_indeed/.direnv/python-3.5.0/lib/python3.5/site-packages/twisted/internet/defer.py", line 588, in _runCallbacks
    current.result = callback(current.result, *args, **kw)
  File "/Users/MatthewBarnette/scrapy_indeed/indeed/indeed/spiders/indeed_spider.py", line 20, in parse
    position['jobs'] = jobs.xpath('h2/a/[@title]').extract()
  File "/Users/MatthewBarnette/scrapy_indeed/.direnv/python-3.5.0/lib/python3.5/site-packages/parsel/selector.py", line 68, in xpath
    return self.__class__(flatten([x.xpath(xpath) for x in self]))
  File "/Users/MatthewBarnette/scrapy_indeed/.direnv/python-3.5.0/lib/python3.5/site-packages/parsel/selector.py", line 68, in <listcomp>
    return self.__class__(flatten([x.xpath(xpath) for x in self]))
  File "/Users/MatthewBarnette/scrapy_indeed/.direnv/python-3.5.0/lib/python3.5/site-packages/parsel/selector.py", line 183, in xpath
    six.reraise(ValueError, ValueError(msg), sys.exc_info()[2])
  File "/Users/MatthewBarnette/scrapy_indeed/.direnv/python-3.5.0/lib/python3.5/site-packages/six.py", line 685, in reraise
    raise value.with_traceback(tb)
  File "/Users/MatthewBarnette/scrapy_indeed/.direnv/python-3.5.0/lib/python3.5/site-packages/parsel/selector.py", line 179, in xpath
    smart_strings=self._lxml_smart_strings)
  File "src/lxml/lxml.etree.pyx", line 1587, in lxml.etree._Element.xpath (src/lxml/lxml.etree.c:57884)
  File "src/lxml/xpath.pxi", line 307, in lxml.etree.XPathElementEvaluator.__call__ (src/lxml/lxml.etree.c:166905)
  File "src/lxml/xpath.pxi", line 227, in lxml.etree._XPathEvaluatorBase._handle_result (src/lxml/lxml.etree.c:165864)
ValueError: XPath error: Invalid expression in h2/a/[@title]
2016-06-27 21:00:16 [scrapy] INFO: Closing spider (finished)
2016-06-27 21:00:16 [scrapy] INFO: Dumping Scrapy stats:
{'downloader/request_bytes': 1058,
 'downloader/request_count': 3,
 'downloader/request_method_count/GET': 3,
 'downloader/response_bytes': 36863,
 'downloader/response_count': 3,
 'downloader/response_status_count/200': 2,
 'downloader/response_status_count/301': 1,
 'finish_reason': 'finished',
 'finish_time': datetime.datetime(2016, 6, 28, 1, 0, 16, 66517),
 'log_count/DEBUG': 3,
 'log_count/ERROR': 1,
 'log_count/INFO': 7,
 'response_received_count': 2,
 'scheduler/dequeued': 2,
 'scheduler/dequeued/memory': 2,
 'scheduler/enqueued': 2,
 'scheduler/enqueued/memory': 2,
 'spider_exceptions/ValueError': 1,
 'start_time': datetime.datetime(2016, 6, 28, 1, 0, 15, 396635)}
2016-06-27 21:00:16 [scrapy] INFO: Spider closed (finished)
2016-06-27 21:13:57 [scrapy] INFO: Scrapy 1.1.0 started (bot: indeed)
2016-06-27 21:13:57 [scrapy] INFO: Overridden settings: {'LOG_FILE': 'mylog.log', 'NEWSPIDER_MODULE': 'indeed.spiders', 'BOT_NAME': 'indeed', 'ROBOTSTXT_OBEY': True, 'SPIDER_MODULES': ['indeed.spiders']}
2016-06-27 21:13:57 [scrapy] INFO: Enabled extensions:
['scrapy.extensions.corestats.CoreStats', 'scrapy.extensions.logstats.LogStats']
2016-06-27 21:13:57 [scrapy] INFO: Enabled downloader middlewares:
['scrapy.downloadermiddlewares.robotstxt.RobotsTxtMiddleware',
 'scrapy.downloadermiddlewares.httpauth.HttpAuthMiddleware',
 'scrapy.downloadermiddlewares.downloadtimeout.DownloadTimeoutMiddleware',
 'scrapy.downloadermiddlewares.useragent.UserAgentMiddleware',
 'scrapy.downloadermiddlewares.retry.RetryMiddleware',
 'scrapy.downloadermiddlewares.defaultheaders.DefaultHeadersMiddleware',
 'scrapy.downloadermiddlewares.redirect.MetaRefreshMiddleware',
 'scrapy.downloadermiddlewares.httpcompression.HttpCompressionMiddleware',
 'scrapy.downloadermiddlewares.redirect.RedirectMiddleware',
 'scrapy.downloadermiddlewares.cookies.CookiesMiddleware',
 'scrapy.downloadermiddlewares.chunked.ChunkedTransferMiddleware',
 'scrapy.downloadermiddlewares.stats.DownloaderStats']
2016-06-27 21:13:57 [scrapy] INFO: Enabled spider middlewares:
['scrapy.spidermiddlewares.httperror.HttpErrorMiddleware',
 'scrapy.spidermiddlewares.offsite.OffsiteMiddleware',
 'scrapy.spidermiddlewares.referer.RefererMiddleware',
 'scrapy.spidermiddlewares.urllength.UrlLengthMiddleware',
 'scrapy.spidermiddlewares.depth.DepthMiddleware']
2016-06-27 21:13:57 [scrapy] INFO: Enabled item pipelines:
[]
2016-06-27 21:13:57 [scrapy] INFO: Spider opened
2016-06-27 21:13:57 [scrapy] INFO: Crawled 0 pages (at 0 pages/min), scraped 0 items (at 0 items/min)
2016-06-27 21:13:57 [scrapy] DEBUG: Crawled (200) <GET http://www.indeed.com/robots.txt> (referer: None)
2016-06-27 21:13:58 [scrapy] DEBUG: Redirecting (301) to <GET http://www.indeed.com/jobs?l=19103&radius=50> from <GET http://www.indeed.com/jobs?q=&l=19103&radius=50>
2016-06-27 21:13:58 [scrapy] DEBUG: Crawled (200) <GET http://www.indeed.com/jobs?l=19103&radius=50> (referer: None)
2016-06-27 21:13:58 [scrapy] INFO: Closing spider (finished)
2016-06-27 21:13:58 [scrapy] INFO: Dumping Scrapy stats:
{'downloader/request_bytes': 1058,
 'downloader/request_count': 3,
 'downloader/request_method_count/GET': 3,
 'downloader/response_bytes': 36814,
 'downloader/response_count': 3,
 'downloader/response_status_count/200': 2,
 'downloader/response_status_count/301': 1,
 'finish_reason': 'finished',
 'finish_time': datetime.datetime(2016, 6, 28, 1, 13, 58, 688392),
 'log_count/DEBUG': 3,
 'log_count/INFO': 7,
 'response_received_count': 2,
 'scheduler/dequeued': 2,
 'scheduler/dequeued/memory': 2,
 'scheduler/enqueued': 2,
 'scheduler/enqueued/memory': 2,
 'start_time': datetime.datetime(2016, 6, 28, 1, 13, 57, 680909)}
2016-06-27 21:13:58 [scrapy] INFO: Spider closed (finished)
